c:\users\mai\dropbox\code\rf_c\rf\rf\release\vc140.pdb
c:\users\mai\dropbox\code\rf_c\rf\rf\release\main.obj
c:\users\mai\dropbox\code\rf_c\rf\rf\release\colorcode.obj
c:\users\mai\dropbox\code\rf_c\rf\rf\release\rf.obj
c:\users\mai\dropbox\code\rf_c\rf\rf\release\draft.obj
e:\dropbox\new code\c\rf_c\rf\rf\release\vc141.pdb
e:\dropbox\new code\c\rf_c\rf\rf\release\rf.obj
e:\dropbox\new code\c\rf_c\rf\rf\release\main.obj
e:\dropbox\new code\c\rf_c\rf\rf\release\draft.obj
e:\dropbox\new code\c\rf_c\rf\rf\release\colorcode.obj
c:\users\mai\dropbox\code\rf_c\rf\release\rf.exe
c:\users\mai\dropbox\code\rf_c\rf\release\rf.ipdb
c:\users\mai\dropbox\code\rf_c\rf\release\rf.iobj
c:\users\mai\dropbox\code\rf_c\rf\release\rf.pdb
e:\dropbox\new code\c\rf_c\rf\rf\release\vc140.pdb
e:\dropbox\new code\c\rf_c\rf\release\rf.pdb
e:\dropbox\new code\c\rf_c\rf\rf\release\rf.tlog\cl.command.1.tlog
e:\dropbox\new code\c\rf_c\rf\rf\release\rf.tlog\cl.read.1.tlog
e:\dropbox\new code\c\rf_c\rf\rf\release\rf.tlog\cl.write.1.tlog
e:\dropbox\new code\c\rf_c\rf\rf\release\rf.tlog\link.command.1.tlog
e:\dropbox\new code\c\rf_c\rf\rf\release\rf.tlog\link.read.1.tlog
e:\dropbox\new code\c\rf_c\rf\rf\release\rf.tlog\link.write.1.tlog
